{
  "RSpec": {
    "coverage": {
      "/Users/Francesco/Projects/oystercard/spec/oystercard_spec.rb": {
        "lines": [
          1,
          null,
          1,
          5,
          null,
          1,
          1,
          null,
          null,
          1,
          1,
          1,
          4,
          null,
          null,
          1,
          1,
          1,
          2,
          null,
          null,
          null,
          null,
          1,
          1,
          1,
          4,
          null,
          null,
          null,
          null
        ]
      },
      "/Users/Francesco/Projects/oystercard/lib/oystercard.rb": {
        "lines": [
          1,
          null,
          1,
          null,
          1,
          null,
          1,
          4,
          null,
          null,
          1,
          3,
          2,
          null,
          null,
          1,
          1,
          null,
          null,
          null,
          null,
          1,
          null,
          1,
          3,
          null,
          null,
          1,
          2,
          null
        ]
      }
    },
    "timestamp": 1604412287
  }
}
